2017-06-03 14:16:39.722  INFO 16050 --- [main] it.cnr.isti.labsedc.bpmls.BpmlsApp       : Starting BpmlsApp v0.0.1-SNAPSHOT on venkat-XPS13-9333 with PID 16050 (/home/venkat/phd/workspace/bpmls-framework/backend/target/backend-0.0.1-SNAPSHOT.jar started by venkat in /home/venkat/phd/workspace/bpmls-framework)
2017-06-03 14:16:39.729  INFO 16050 --- [main] it.cnr.isti.labsedc.bpmls.BpmlsApp       : No active profile set, falling back to default profiles: default
2017-06-03 14:16:40.302  INFO 16050 --- [main] ationConfigEmbeddedWebApplicationContext : Refreshing org.springframework.boot.context.embedded.AnnotationConfigEmbeddedWebApplicationContext@5fcfe4b2: startup date [Sat Jun 03 14:16:40 CEST 2017]; root of context hierarchy
2017-06-03 14:16:41.133  INFO 16050 --- [main] o.s.b.f.s.DefaultListableBeanFactory     : Overriding bean definition for bean 'dataSource' with a different definition: replacing [Root bean: class [null]; scope=; abstract=false; lazyInit=false; autowireMode=3; dependencyCheck=0; autowireCandidate=true; primary=false; factoryBeanName=org.springframework.boot.autoconfigure.jdbc.DataSourceConfiguration$Dbcp; factoryMethodName=dataSource; initMethodName=null; destroyMethodName=(inferred); defined in class path resource [org/springframework/boot/autoconfigure/jdbc/DataSourceConfiguration$Dbcp.class]] with [Root bean: class [null]; scope=; abstract=false; lazyInit=false; autowireMode=3; dependencyCheck=0; autowireCandidate=true; primary=false; factoryBeanName=org.springframework.boot.autoconfigure.jdbc.DataSourceConfiguration$Tomcat; factoryMethodName=dataSource; initMethodName=null; destroyMethodName=(inferred); defined in class path resource [org/springframework/boot/autoconfigure/jdbc/DataSourceConfiguration$Tomcat.class]]
2017-06-03 14:16:41.269  INFO 16050 --- [main] o.s.b.f.s.DefaultListableBeanFactory     : Overriding bean definition for bean 'requestContextFilter' with a different definition: replacing [Root bean: class [null]; scope=; abstract=false; lazyInit=false; autowireMode=3; dependencyCheck=0; autowireCandidate=true; primary=false; factoryBeanName=org.springframework.boot.autoconfigure.jersey.JerseyAutoConfiguration; factoryMethodName=requestContextFilter; initMethodName=null; destroyMethodName=(inferred); defined in class path resource [org/springframework/boot/autoconfigure/jersey/JerseyAutoConfiguration.class]] with [Root bean: class [org.springframework.boot.autoconfigure.web.WebMvcAutoConfiguration$WebMvcAutoConfigurationAdapter]; scope=; abstract=false; lazyInit=false; autowireMode=3; dependencyCheck=0; autowireCandidate=true; primary=false; factoryBeanName=null; factoryMethodName=requestContextFilter; initMethodName=null; destroyMethodName=(inferred); defined in class path resource [org/springframework/boot/autoconfigure/web/WebMvcAutoConfiguration$WebMvcAutoConfigurationAdapter.class]]
2017-06-03 14:16:41.826  INFO 16050 --- [main] f.a.AutowiredAnnotationBeanPostProcessor : JSR-330 'javax.inject.Inject' annotation found and supported for autowiring
2017-06-03 14:16:42.123  INFO 16050 --- [main] trationDelegate$BeanPostProcessorChecker : Bean 'org.springframework.transaction.annotation.ProxyTransactionManagementConfiguration' of type [org.springframework.transaction.annotation.ProxyTransactionManagementConfiguration$$EnhancerBySpringCGLIB$$4c40160b] is not eligible for getting processed by all BeanPostProcessors (for example: not eligible for auto-proxying)
2017-06-03 14:16:42.583  INFO 16050 --- [main] s.b.c.e.t.TomcatEmbeddedServletContainer : Tomcat initialized with port(s): 24098 (http)
2017-06-03 14:16:42.606  INFO 16050 --- [main] o.apache.catalina.core.StandardService   : Starting service Tomcat
2017-06-03 14:16:42.611  INFO 16050 --- [main] org.apache.catalina.core.StandardEngine  : Starting Servlet Engine: Apache Tomcat/8.5.11
2017-06-03 14:16:42.725  INFO 16050 --- [localhost-startStop-1] o.a.c.c.C.[Tomcat].[localhost].[/]       : Initializing Spring embedded WebApplicationContext
2017-06-03 14:16:42.726  INFO 16050 --- [localhost-startStop-1] o.s.web.context.ContextLoader            : Root WebApplicationContext: initialization completed in 2428 ms
2017-06-03 14:16:42.796  INFO 16050 --- [localhost-startStop-1] .c.b.s.b.s.r.CamundaJerseyResourceConfig : Configuring camunda rest api.
2017-06-03 14:16:42.820  INFO 16050 --- [localhost-startStop-1] .c.b.s.b.s.r.CamundaJerseyResourceConfig : Finished configuring camunda rest api.
2017-06-03 14:16:43.179  INFO 16050 --- [localhost-startStop-1] o.s.b.w.servlet.ServletRegistrationBean  : Mapping servlet: 'org.camunda.bpm.spring.boot.starter.rest.CamundaJerseyResourceConfig' to [/rest/*]
2017-06-03 14:16:43.181  INFO 16050 --- [localhost-startStop-1] o.s.b.w.servlet.ServletRegistrationBean  : Mapping servlet: 'dispatcherServlet' to [/]
2017-06-03 14:16:43.182  INFO 16050 --- [localhost-startStop-1] o.s.b.w.servlet.ServletRegistrationBean  : Mapping servlet: 'webServlet' to [/h2-console/*]
2017-06-03 14:16:43.186  INFO 16050 --- [localhost-startStop-1] o.s.b.w.servlet.FilterRegistrationBean   : Mapping filter: 'characterEncodingFilter' to: [/*]
2017-06-03 14:16:43.187  INFO 16050 --- [localhost-startStop-1] o.s.b.w.servlet.FilterRegistrationBean   : Mapping filter: 'hiddenHttpMethodFilter' to: [/*]
2017-06-03 14:16:43.187  INFO 16050 --- [localhost-startStop-1] o.s.b.w.servlet.FilterRegistrationBean   : Mapping filter: 'httpPutFormContentFilter' to: [/*]
2017-06-03 14:16:43.187  INFO 16050 --- [localhost-startStop-1] o.s.b.w.servlet.FilterRegistrationBean   : Mapping filter: 'requestContextFilter' to: [/*]
2017-06-03 14:16:44.070  INFO 16050 --- [main] j.LocalContainerEntityManagerFactoryBean : Building JPA container EntityManagerFactory for persistence unit 'default'
2017-06-03 14:16:44.100  INFO 16050 --- [main] o.hibernate.jpa.internal.util.LogHelper  : HHH000204: Processing PersistenceUnitInfo [
	name: default
	...]
2017-06-03 14:16:44.219  INFO 16050 --- [main] org.hibernate.Version                    : HHH000412: Hibernate Core {5.0.12.Final}
2017-06-03 14:16:44.222  INFO 16050 --- [main] org.hibernate.cfg.Environment            : HHH000206: hibernate.properties not found
2017-06-03 14:16:44.224  INFO 16050 --- [main] org.hibernate.cfg.Environment            : HHH000021: Bytecode provider name : javassist
2017-06-03 14:16:44.292  INFO 16050 --- [main] o.hibernate.annotations.common.Version   : HCANN000001: Hibernate Commons Annotations {5.0.1.Final}
2017-06-03 14:16:44.786  INFO 16050 --- [main] org.hibernate.dialect.Dialect            : HHH000400: Using dialect: org.hibernate.dialect.H2Dialect
2017-06-03 14:16:45.639  INFO 16050 --- [main] org.hibernate.tool.hbm2ddl.SchemaExport  : HHH000227: Running hbm2ddl schema export
2017-06-03 14:16:45.671  INFO 16050 --- [main] org.hibernate.tool.hbm2ddl.SchemaExport  : HHH000230: Schema export complete
2017-06-03 14:16:45.742  INFO 16050 --- [main] j.LocalContainerEntityManagerFactoryBean : Initialized JPA EntityManagerFactory for persistence unit 'default'
2017-06-03 14:16:45.964  INFO 16050 --- [main] org.camunda.bpm.spring.boot              : STARTER-SB040 Setting up jobExecutor with pool-size 1
2017-06-03 14:16:45.976  INFO 16050 --- [main] o.s.s.concurrent.ThreadPoolTaskExecutor  : Initializing ExecutorService  'taskExecutor'
2017-06-03 14:16:46.716  INFO 16050 --- [main] i.c.i.l.b.i.LearningProcessEngineImpl    : Empty Constructor of LearningEngineRepositoryService
2017-06-03 14:16:46.752  INFO 16050 --- [main] org.camunda.bpm.engine.cfg               : ENGINE-12003 Plugin 'CompositeProcessEnginePlugin[genericPropertiesConfiguration, camundaProcessEngineConfiguration, camundaDatasourceConfiguration, camundaJpaConfiguration, camundaJobConfiguration, camundaHistoryConfiguration, camundaMetricsConfiguration, camundaAuthorizationConfiguration, camundaDeploymentConfiguration, failedJobConfiguration, ReactorProcessEnginePlugin]' activated on process engine 'default'
2017-06-03 14:16:50.655  INFO 16050 --- [main] org.camunda.bpm.spring.boot              : STARTER-SB021 Auto-Deploying resources: [URL [jar:file:/home/venkat/phd/workspace/bpmls-framework/backend/target/backend-0.0.1-SNAPSHOT.jar!/BOOT-INF/classes!/processes/demoprocess.bpmn], URL [jar:file:/home/venkat/phd/workspace/bpmls-framework/backend/target/backend-0.0.1-SNAPSHOT.jar!/BOOT-INF/classes!/processes/bankloan.bpmn], URL [jar:file:/home/venkat/phd/workspace/bpmls-framework/backend/target/backend-0.0.1-SNAPSHOT.jar!/BOOT-INF/classes!/processes/ithelpdesk.bpmn], URL [jar:file:/home/venkat/phd/workspace/bpmls-framework/backend/target/backend-0.0.1-SNAPSHOT.jar!/BOOT-INF/lib/frontend-0.0.1-SNAPSHOT.jar!/static/assets/diagrams/pizza-collaboration.bpmn]]
2017-06-03 14:16:53.336  INFO 16050 --- [main] org.camunda.bpm.engine.persistence       : ENGINE-03016 Performing database operation 'create' on component 'engine' with resource 'org/camunda/bpm/engine/db/create/activiti.h2.create.engine.sql'
2017-06-03 14:16:53.382  INFO 16050 --- [main] org.camunda.bpm.engine.persistence       : ENGINE-03016 Performing database operation 'create' on component 'history' with resource 'org/camunda/bpm/engine/db/create/activiti.h2.create.history.sql'
2017-06-03 14:16:53.407  INFO 16050 --- [main] org.camunda.bpm.engine.persistence       : ENGINE-03016 Performing database operation 'create' on component 'identity' with resource 'org/camunda/bpm/engine/db/create/activiti.h2.create.identity.sql'
2017-06-03 14:16:53.444  INFO 16050 --- [main] org.camunda.bpm.engine.persistence       : ENGINE-03016 Performing database operation 'create' on component 'case.engine' with resource 'org/camunda/bpm/engine/db/create/activiti.h2.create.case.engine.sql'
2017-06-03 14:16:53.457  INFO 16050 --- [main] org.camunda.bpm.engine.persistence       : ENGINE-03016 Performing database operation 'create' on component 'case.history' with resource 'org/camunda/bpm/engine/db/create/activiti.h2.create.case.history.sql'
2017-06-03 14:16:53.472  INFO 16050 --- [main] org.camunda.bpm.engine.persistence       : ENGINE-03016 Performing database operation 'create' on component 'decision.engine' with resource 'org/camunda/bpm/engine/db/create/activiti.h2.create.decision.engine.sql'
2017-06-03 14:16:53.490  INFO 16050 --- [main] org.camunda.bpm.engine.persistence       : ENGINE-03016 Performing database operation 'create' on component 'decision.history' with resource 'org/camunda/bpm/engine/db/create/activiti.h2.create.decision.history.sql'
2017-06-03 14:16:53.517  INFO 16050 --- [main] org.camunda.bpm.engine.persistence       : ENGINE-03067 No history level property found in database
2017-06-03 14:16:53.519  INFO 16050 --- [main] org.camunda.bpm.engine.persistence       : ENGINE-03065 Creating historyLevel property in database for level: HistoryLevelAudit(name=audit, id=2)
2017-06-03 14:16:53.526  INFO 16050 --- [main] org.camunda.bpm.engine                   : ENGINE-00001 Process Engine default created.
2017-06-03 14:16:53.861  INFO 16050 --- [main] org.camunda.bpm.engine.bpmn.parser       : ENGINE-01002 Ignoring non-executable process with id '_6-1'. Set the attribute isExecutable="true" to deploy this process.
2017-06-03 14:16:53.862  INFO 16050 --- [main] org.camunda.bpm.engine.bpmn.parser       : ENGINE-01002 Ignoring non-executable process with id '_6-2'. Set the attribute isExecutable="true" to deploy this process.
2017-06-03 14:16:54.377  WARN 16050 --- [main] ationConfigEmbeddedWebApplicationContext : Exception encountered during context initialization - cancelling refresh attempt: org.springframework.beans.factory.UnsatisfiedDependencyException: Error creating bean with name 'learningProcessEngineImpl': Unsatisfied dependency expressed through field 'xapiStatementService'; nested exception is org.springframework.beans.factory.NoSuchBeanDefinitionException: No qualifying bean of type 'it.cnr.isti.labsedc.bpmls.XapiStatementService' available: expected at least 1 bean which qualifies as autowire candidate. Dependency annotations: {@org.springframework.beans.factory.annotation.Autowired(required=true)}
2017-06-03 14:16:54.387  INFO 16050 --- [main] org.camunda.bpm.engine                   : ENGINE-00007 Process Engine default closed
2017-06-03 14:16:54.390  INFO 16050 --- [main] o.s.s.concurrent.ThreadPoolTaskExecutor  : Shutting down ExecutorService 'taskExecutor'
2017-06-03 14:16:54.391  INFO 16050 --- [main] j.LocalContainerEntityManagerFactoryBean : Closing JPA EntityManagerFactory for persistence unit 'default'
2017-06-03 14:16:54.391  INFO 16050 --- [main] org.hibernate.tool.hbm2ddl.SchemaExport  : HHH000227: Running hbm2ddl schema export
2017-06-03 14:16:54.401  INFO 16050 --- [main] org.hibernate.tool.hbm2ddl.SchemaExport  : HHH000230: Schema export complete
2017-06-03 14:16:54.407  INFO 16050 --- [main] o.apache.catalina.core.StandardService   : Stopping service Tomcat
2017-06-03 14:16:54.432  INFO 16050 --- [main] utoConfigurationReportLoggingInitializer : 

Error starting ApplicationContext. To display the auto-configuration report re-run your application with 'debug' enabled.
2017-06-03 14:16:54.583 ERROR 16050 --- [main] o.s.b.d.LoggingFailureAnalysisReporter   : 

***************************
APPLICATION FAILED TO START
***************************

Description:

Field xapiStatementService in it.cnr.isti.labsedc.bpmls.impl.LearningProcessEngineImpl required a bean of type 'it.cnr.isti.labsedc.bpmls.XapiStatementService' that could not be found.


Action:

Consider defining a bean of type 'it.cnr.isti.labsedc.bpmls.XapiStatementService' in your configuration.

2017-06-03 14:19:26.787  INFO 16315 --- [main] it.cnr.isti.labsedc.bpmls.BpmlsApp       : Starting BpmlsApp v0.0.1-SNAPSHOT on venkat-XPS13-9333 with PID 16315 (/home/venkat/phd/workspace/bpmls-framework/backend/target/backend-0.0.1-SNAPSHOT.jar started by venkat in /home/venkat/phd/workspace/bpmls-framework)
2017-06-03 14:19:26.807  INFO 16315 --- [main] it.cnr.isti.labsedc.bpmls.BpmlsApp       : No active profile set, falling back to default profiles: default
2017-06-03 14:19:27.317  INFO 16315 --- [main] ationConfigEmbeddedWebApplicationContext : Refreshing org.springframework.boot.context.embedded.AnnotationConfigEmbeddedWebApplicationContext@5fcfe4b2: startup date [Sat Jun 03 14:19:27 CEST 2017]; root of context hierarchy
2017-06-03 14:19:28.196  INFO 16315 --- [main] o.s.b.f.s.DefaultListableBeanFactory     : Overriding bean definition for bean 'dataSource' with a different definition: replacing [Root bean: class [null]; scope=; abstract=false; lazyInit=false; autowireMode=3; dependencyCheck=0; autowireCandidate=true; primary=false; factoryBeanName=org.springframework.boot.autoconfigure.jdbc.DataSourceConfiguration$Dbcp; factoryMethodName=dataSource; initMethodName=null; destroyMethodName=(inferred); defined in class path resource [org/springframework/boot/autoconfigure/jdbc/DataSourceConfiguration$Dbcp.class]] with [Root bean: class [null]; scope=; abstract=false; lazyInit=false; autowireMode=3; dependencyCheck=0; autowireCandidate=true; primary=false; factoryBeanName=org.springframework.boot.autoconfigure.jdbc.DataSourceConfiguration$Tomcat; factoryMethodName=dataSource; initMethodName=null; destroyMethodName=(inferred); defined in class path resource [org/springframework/boot/autoconfigure/jdbc/DataSourceConfiguration$Tomcat.class]]
2017-06-03 14:19:28.351  INFO 16315 --- [main] o.s.b.f.s.DefaultListableBeanFactory     : Overriding bean definition for bean 'requestContextFilter' with a different definition: replacing [Root bean: class [null]; scope=; abstract=false; lazyInit=false; autowireMode=3; dependencyCheck=0; autowireCandidate=true; primary=false; factoryBeanName=org.springframework.boot.autoconfigure.jersey.JerseyAutoConfiguration; factoryMethodName=requestContextFilter; initMethodName=null; destroyMethodName=(inferred); defined in class path resource [org/springframework/boot/autoconfigure/jersey/JerseyAutoConfiguration.class]] with [Root bean: class [org.springframework.boot.autoconfigure.web.WebMvcAutoConfiguration$WebMvcAutoConfigurationAdapter]; scope=; abstract=false; lazyInit=false; autowireMode=3; dependencyCheck=0; autowireCandidate=true; primary=false; factoryBeanName=null; factoryMethodName=requestContextFilter; initMethodName=null; destroyMethodName=(inferred); defined in class path resource [org/springframework/boot/autoconfigure/web/WebMvcAutoConfiguration$WebMvcAutoConfigurationAdapter.class]]
2017-06-03 14:19:28.875  INFO 16315 --- [main] f.a.AutowiredAnnotationBeanPostProcessor : JSR-330 'javax.inject.Inject' annotation found and supported for autowiring
2017-06-03 14:19:29.179  INFO 16315 --- [main] trationDelegate$BeanPostProcessorChecker : Bean 'org.springframework.transaction.annotation.ProxyTransactionManagementConfiguration' of type [org.springframework.transaction.annotation.ProxyTransactionManagementConfiguration$$EnhancerBySpringCGLIB$$d5e83f8d] is not eligible for getting processed by all BeanPostProcessors (for example: not eligible for auto-proxying)
2017-06-03 14:19:29.612  INFO 16315 --- [main] s.b.c.e.t.TomcatEmbeddedServletContainer : Tomcat initialized with port(s): 24098 (http)
2017-06-03 14:19:29.626  INFO 16315 --- [main] o.apache.catalina.core.StandardService   : Starting service Tomcat
2017-06-03 14:19:29.628  INFO 16315 --- [main] org.apache.catalina.core.StandardEngine  : Starting Servlet Engine: Apache Tomcat/8.5.11
2017-06-03 14:19:29.763  INFO 16315 --- [localhost-startStop-1] o.a.c.c.C.[Tomcat].[localhost].[/]       : Initializing Spring embedded WebApplicationContext
2017-06-03 14:19:29.763  INFO 16315 --- [localhost-startStop-1] o.s.web.context.ContextLoader            : Root WebApplicationContext: initialization completed in 2450 ms
2017-06-03 14:19:29.861  INFO 16315 --- [localhost-startStop-1] .c.b.s.b.s.r.CamundaJerseyResourceConfig : Configuring camunda rest api.
2017-06-03 14:19:29.897  INFO 16315 --- [localhost-startStop-1] .c.b.s.b.s.r.CamundaJerseyResourceConfig : Finished configuring camunda rest api.
2017-06-03 14:19:30.255  INFO 16315 --- [localhost-startStop-1] o.s.b.w.servlet.ServletRegistrationBean  : Mapping servlet: 'org.camunda.bpm.spring.boot.starter.rest.CamundaJerseyResourceConfig' to [/rest/*]
2017-06-03 14:19:30.258  INFO 16315 --- [localhost-startStop-1] o.s.b.w.servlet.ServletRegistrationBean  : Mapping servlet: 'dispatcherServlet' to [/]
2017-06-03 14:19:30.259  INFO 16315 --- [localhost-startStop-1] o.s.b.w.servlet.ServletRegistrationBean  : Mapping servlet: 'webServlet' to [/h2-console/*]
2017-06-03 14:19:30.264  INFO 16315 --- [localhost-startStop-1] o.s.b.w.servlet.FilterRegistrationBean   : Mapping filter: 'characterEncodingFilter' to: [/*]
2017-06-03 14:19:30.265  INFO 16315 --- [localhost-startStop-1] o.s.b.w.servlet.FilterRegistrationBean   : Mapping filter: 'hiddenHttpMethodFilter' to: [/*]
2017-06-03 14:19:30.265  INFO 16315 --- [localhost-startStop-1] o.s.b.w.servlet.FilterRegistrationBean   : Mapping filter: 'httpPutFormContentFilter' to: [/*]
2017-06-03 14:19:30.265  INFO 16315 --- [localhost-startStop-1] o.s.b.w.servlet.FilterRegistrationBean   : Mapping filter: 'requestContextFilter' to: [/*]
2017-06-03 14:19:31.243  INFO 16315 --- [main] j.LocalContainerEntityManagerFactoryBean : Building JPA container EntityManagerFactory for persistence unit 'default'
2017-06-03 14:19:31.281  INFO 16315 --- [main] o.hibernate.jpa.internal.util.LogHelper  : HHH000204: Processing PersistenceUnitInfo [
	name: default
	...]
2017-06-03 14:19:31.430  INFO 16315 --- [main] org.hibernate.Version                    : HHH000412: Hibernate Core {5.0.12.Final}
2017-06-03 14:19:31.432  INFO 16315 --- [main] org.hibernate.cfg.Environment            : HHH000206: hibernate.properties not found
2017-06-03 14:19:31.435  INFO 16315 --- [main] org.hibernate.cfg.Environment            : HHH000021: Bytecode provider name : javassist
2017-06-03 14:19:31.525  INFO 16315 --- [main] o.hibernate.annotations.common.Version   : HCANN000001: Hibernate Commons Annotations {5.0.1.Final}
2017-06-03 14:19:31.835  INFO 16315 --- [main] org.hibernate.dialect.Dialect            : HHH000400: Using dialect: org.hibernate.dialect.H2Dialect
2017-06-03 14:19:32.608  INFO 16315 --- [main] org.hibernate.tool.hbm2ddl.SchemaExport  : HHH000227: Running hbm2ddl schema export
2017-06-03 14:19:32.634  INFO 16315 --- [main] org.hibernate.tool.hbm2ddl.SchemaExport  : HHH000230: Schema export complete
2017-06-03 14:19:32.696  INFO 16315 --- [main] j.LocalContainerEntityManagerFactoryBean : Initialized JPA EntityManagerFactory for persistence unit 'default'
2017-06-03 14:19:32.873  INFO 16315 --- [main] org.camunda.bpm.spring.boot              : STARTER-SB040 Setting up jobExecutor with pool-size 1
2017-06-03 14:19:32.886  INFO 16315 --- [main] o.s.s.concurrent.ThreadPoolTaskExecutor  : Initializing ExecutorService  'taskExecutor'
2017-06-03 14:19:33.716  INFO 16315 --- [main] i.c.i.l.b.i.LearningProcessEngineImpl    : Empty Constructor of LearningEngineRepositoryService
2017-06-03 14:19:33.761  INFO 16315 --- [main] org.camunda.bpm.engine.cfg               : ENGINE-12003 Plugin 'CompositeProcessEnginePlugin[genericPropertiesConfiguration, camundaProcessEngineConfiguration, camundaDatasourceConfiguration, camundaJpaConfiguration, camundaJobConfiguration, camundaHistoryConfiguration, camundaMetricsConfiguration, camundaAuthorizationConfiguration, camundaDeploymentConfiguration, failedJobConfiguration, ReactorProcessEnginePlugin]' activated on process engine 'default'
2017-06-03 14:19:38.335  INFO 16315 --- [main] org.camunda.bpm.spring.boot              : STARTER-SB021 Auto-Deploying resources: [URL [jar:file:/home/venkat/phd/workspace/bpmls-framework/backend/target/backend-0.0.1-SNAPSHOT.jar!/BOOT-INF/classes!/processes/demoprocess.bpmn], URL [jar:file:/home/venkat/phd/workspace/bpmls-framework/backend/target/backend-0.0.1-SNAPSHOT.jar!/BOOT-INF/classes!/processes/bankloan.bpmn], URL [jar:file:/home/venkat/phd/workspace/bpmls-framework/backend/target/backend-0.0.1-SNAPSHOT.jar!/BOOT-INF/classes!/processes/ithelpdesk.bpmn], URL [jar:file:/home/venkat/phd/workspace/bpmls-framework/backend/target/backend-0.0.1-SNAPSHOT.jar!/BOOT-INF/lib/frontend-0.0.1-SNAPSHOT.jar!/static/assets/diagrams/pizza-collaboration.bpmn]]
2017-06-03 14:19:40.714  INFO 16315 --- [main] org.camunda.bpm.engine.persistence       : ENGINE-03016 Performing database operation 'create' on component 'engine' with resource 'org/camunda/bpm/engine/db/create/activiti.h2.create.engine.sql'
2017-06-03 14:19:40.747  INFO 16315 --- [main] org.camunda.bpm.engine.persistence       : ENGINE-03016 Performing database operation 'create' on component 'history' with resource 'org/camunda/bpm/engine/db/create/activiti.h2.create.history.sql'
2017-06-03 14:19:40.764  INFO 16315 --- [main] org.camunda.bpm.engine.persistence       : ENGINE-03016 Performing database operation 'create' on component 'identity' with resource 'org/camunda/bpm/engine/db/create/activiti.h2.create.identity.sql'
2017-06-03 14:19:40.788  INFO 16315 --- [main] org.camunda.bpm.engine.persistence       : ENGINE-03016 Performing database operation 'create' on component 'case.engine' with resource 'org/camunda/bpm/engine/db/create/activiti.h2.create.case.engine.sql'
2017-06-03 14:19:40.796  INFO 16315 --- [main] org.camunda.bpm.engine.persistence       : ENGINE-03016 Performing database operation 'create' on component 'case.history' with resource 'org/camunda/bpm/engine/db/create/activiti.h2.create.case.history.sql'
2017-06-03 14:19:40.804  INFO 16315 --- [main] org.camunda.bpm.engine.persistence       : ENGINE-03016 Performing database operation 'create' on component 'decision.engine' with resource 'org/camunda/bpm/engine/db/create/activiti.h2.create.decision.engine.sql'
2017-06-03 14:19:40.818  INFO 16315 --- [main] org.camunda.bpm.engine.persistence       : ENGINE-03016 Performing database operation 'create' on component 'decision.history' with resource 'org/camunda/bpm/engine/db/create/activiti.h2.create.decision.history.sql'
2017-06-03 14:19:40.833  INFO 16315 --- [main] org.camunda.bpm.engine.persistence       : ENGINE-03067 No history level property found in database
2017-06-03 14:19:40.834  INFO 16315 --- [main] org.camunda.bpm.engine.persistence       : ENGINE-03065 Creating historyLevel property in database for level: HistoryLevelAudit(name=audit, id=2)
2017-06-03 14:19:40.840  INFO 16315 --- [main] org.camunda.bpm.engine                   : ENGINE-00001 Process Engine default created.
2017-06-03 14:19:41.140  INFO 16315 --- [main] org.camunda.bpm.engine.bpmn.parser       : ENGINE-01002 Ignoring non-executable process with id '_6-1'. Set the attribute isExecutable="true" to deploy this process.
2017-06-03 14:19:41.140  INFO 16315 --- [main] org.camunda.bpm.engine.bpmn.parser       : ENGINE-01002 Ignoring non-executable process with id '_6-2'. Set the attribute isExecutable="true" to deploy this process.
2017-06-03 14:19:42.085  INFO 16315 --- [main] s.w.s.m.m.a.RequestMappingHandlerAdapter : Looking for @ControllerAdvice: org.springframework.boot.context.embedded.AnnotationConfigEmbeddedWebApplicationContext@5fcfe4b2: startup date [Sat Jun 03 14:19:27 CEST 2017]; root of context hierarchy
2017-06-03 14:19:42.221  INFO 16315 --- [main] s.w.s.m.m.a.RequestMappingHandlerMapping : Mapped "{[/getlearningflowdiagram/{lpid}],methods=[POST]}" onto public java.lang.String it.cnr.isti.labsedc.bpmls.impl.LearningProcessEngineControllerImpl.getLearningPathFlowDiagram(java.lang.String,java.lang.String)
2017-06-03 14:19:42.225  INFO 16315 --- [main] s.w.s.m.m.a.RequestMappingHandlerMapping : Mapped "{[/getoraclevalues/{lpid}],methods=[POST]}" onto public java.lang.String it.cnr.isti.labsedc.bpmls.impl.LearningProcessEngineControllerImpl.gerOracleValues(java.lang.String,java.lang.String)
2017-06-03 14:19:42.225  INFO 16315 --- [main] s.w.s.m.m.a.RequestMappingHandlerMapping : Mapped "{[/getprocessdiagramdetails/{lpid}],methods=[POST]}" onto public java.lang.String it.cnr.isti.labsedc.bpmls.impl.LearningProcessEngineControllerImpl.getProcessDiagramDetails(java.lang.String,java.lang.String)
2017-06-03 14:19:42.226  INFO 16315 --- [main] s.w.s.m.m.a.RequestMappingHandlerMapping : Mapped "{[/getcurrentlearningpathstatus/{lpid}],methods=[POST]}" onto public java.lang.String it.cnr.isti.labsedc.bpmls.impl.LearningProcessEngineControllerImpl.getCurrentLPStatus(java.lang.String,java.lang.String)
2017-06-03 14:19:42.226  INFO 16315 --- [main] s.w.s.m.m.a.RequestMappingHandlerMapping : Mapped "{[/getcurrentlearningtaskmodel/{lpid}],methods=[POST]}" onto public java.lang.String it.cnr.isti.labsedc.bpmls.impl.LearningProcessEngineControllerImpl.getCurrentLearningTaskModel(java.lang.String,java.lang.String)
2017-06-03 14:19:42.226  INFO 16315 --- [main] s.w.s.m.m.a.RequestMappingHandlerMapping : Mapped "{[/authenticateuser],methods=[POST]}" onto public java.lang.String it.cnr.isti.labsedc.bpmls.impl.LearningProcessEngineControllerImpl.authenticateUser(java.lang.String)
2017-06-03 14:19:42.227  INFO 16315 --- [main] s.w.s.m.m.a.RequestMappingHandlerMapping : Mapped "{[/registernewuser],methods=[POST]}" onto public java.lang.String it.cnr.isti.labsedc.bpmls.impl.LearningProcessEngineControllerImpl.registerNewUser(java.lang.String)
2017-06-03 14:19:42.227  INFO 16315 --- [main] s.w.s.m.m.a.RequestMappingHandlerMapping : Mapped "{[/getavailablelearningpaths],methods=[POST]}" onto public java.lang.String it.cnr.isti.labsedc.bpmls.impl.LearningProcessEngineControllerImpl.getAvailableLearningPaths(java.lang.String)
2017-06-03 14:19:42.228  INFO 16315 --- [main] s.w.s.m.m.a.RequestMappingHandlerMapping : Mapped "{[/getrunningpaths],methods=[POST]}" onto public java.lang.String it.cnr.isti.labsedc.bpmls.impl.LearningProcessEngineControllerImpl.getRunningPaths(java.lang.String)
2017-06-03 14:19:42.228  INFO 16315 --- [main] s.w.s.m.m.a.RequestMappingHandlerMapping : Mapped "{[/startalearningpath/{lpid}],methods=[POST]}" onto public java.lang.String it.cnr.isti.labsedc.bpmls.impl.LearningProcessEngineControllerImpl.startalearningpath(java.lang.String,java.lang.String)
2017-06-03 14:19:42.228  INFO 16315 --- [main] s.w.s.m.m.a.RequestMappingHandlerMapping : Mapped "{[/startalearningscenario/{lpid}/{lpinstid}],methods=[POST]}" onto public java.lang.String it.cnr.isti.labsedc.bpmls.impl.LearningProcessEngineControllerImpl.startalearningscenario(java.lang.String,java.lang.String)
2017-06-03 14:19:42.229  INFO 16315 --- [main] s.w.s.m.m.a.RequestMappingHandlerMapping : Mapped "{[/completelearningtask/{lpid}],methods=[POST]}" onto public java.lang.String it.cnr.isti.labsedc.bpmls.impl.LearningProcessEngineControllerImpl.completeCurrentLearningTask(java.lang.String,java.lang.String)
2017-06-03 14:19:42.237  INFO 16315 --- [main] s.w.s.m.m.a.RequestMappingHandlerMapping : Mapped "{[/error],produces=[text/html]}" onto public org.springframework.web.servlet.ModelAndView org.springframework.boot.autoconfigure.web.BasicErrorController.errorHtml(javax.servlet.http.HttpServletRequest,javax.servlet.http.HttpServletResponse)
2017-06-03 14:19:42.238  INFO 16315 --- [main] s.w.s.m.m.a.RequestMappingHandlerMapping : Mapped "{[/error]}" onto public org.springframework.http.ResponseEntity<java.util.Map<java.lang.String, java.lang.Object>> org.springframework.boot.autoconfigure.web.BasicErrorController.error(javax.servlet.http.HttpServletRequest)
2017-06-03 14:19:42.294  INFO 16315 --- [main] o.s.w.s.handler.SimpleUrlHandlerMapping  : Mapped URL path [/webjars/**] onto handler of type [class org.springframework.web.servlet.resource.ResourceHttpRequestHandler]
2017-06-03 14:19:42.294  INFO 16315 --- [main] o.s.w.s.handler.SimpleUrlHandlerMapping  : Mapped URL path [/**] onto handler of type [class org.springframework.web.servlet.resource.ResourceHttpRequestHandler]
2017-06-03 14:19:42.377  INFO 16315 --- [main] o.s.w.s.handler.SimpleUrlHandlerMapping  : Mapped URL path [/**/favicon.ico] onto handler of type [class org.springframework.web.servlet.resource.ResourceHttpRequestHandler]
2017-06-03 14:19:42.456  INFO 16315 --- [main] oConfiguration$WelcomePageHandlerMapping : Adding welcome page: class path resource [static/index.html]
2017-06-03 14:19:43.256  INFO 16315 --- [main] o.s.j.e.a.AnnotationMBeanExporter        : Registering beans for JMX exposure on startup
2017-06-03 14:19:43.351  INFO 16315 --- [main] s.b.c.e.t.TomcatEmbeddedServletContainer : Tomcat started on port(s): 24098 (http)
2017-06-03 14:19:43.587  INFO 16315 --- [main] i.c.i.l.b.i.LearningProcessEngineImpl    : Deployed following Learning Paths from the resources classpath:
2017-06-03 14:19:43.588  INFO 16315 --- [main] i.c.i.l.b.i.LearningProcessEngineImpl    : Deployed Learning Path: A Learning Path for a Loan Officer involved in Bank Loan Process
2017-06-03 14:19:43.588  INFO 16315 --- [main] i.c.i.l.b.i.LearningProcessEngineImpl    : Deployed Learning Path: Learning Path for Employee who wants to learn about IT-HelpDesk Process of a Company
2017-06-03 14:19:43.726  INFO 16315 --- [main] i.c.i.l.b.i.LearningProcessEngineImpl    : Deployed following Learning Scenarios from the resources classpath:
2017-06-03 14:19:43.727  INFO 16315 --- [main] i.c.i.l.b.i.LearningProcessEngineImpl    : Deployed Learning Scenarios: Loan Process Complete Demo
2017-06-03 14:19:43.727  INFO 16315 --- [main] i.c.i.l.b.i.LearningProcessEngineImpl    : Deployed Learning Scenarios: Reopen a Case
2017-06-03 14:19:43.727  INFO 16315 --- [main] i.c.i.l.b.i.LearningProcessEngineImpl    : Deployed Learning Scenarios: Open and Close Case
2017-06-03 14:19:43.727  INFO 16315 --- [main] org.camunda.bpm.engine.jobexecutor       : ENGINE-14014 Starting up the JobExecutor[org.camunda.bpm.engine.spring.components.jobexecutor.SpringJobExecutor].
2017-06-03 14:19:43.733  INFO 16315 --- [main] it.cnr.isti.labsedc.bpmls.BpmlsApp       : Started BpmlsApp in 17.524 seconds (JVM running for 18.121)
2017-06-03 14:19:43.733  INFO 16315 --- [JobExecutor[org.camunda.bpm.engine.spring.components.jobexecutor.SpringJobExecutor]] org.camunda.bpm.engine.jobexecutor       : ENGINE-14018 JobExecutor[org.camunda.bpm.engine.spring.components.jobexecutor.SpringJobExecutor] starting to acquire jobs
2017-06-03 14:19:51.083  INFO 16315 --- [http-nio-24098-exec-1] o.a.c.c.C.[Tomcat].[localhost].[/]       : Initializing Spring FrameworkServlet 'dispatcherServlet'
2017-06-03 14:19:51.092  INFO 16315 --- [http-nio-24098-exec-1] o.s.web.servlet.DispatcherServlet        : FrameworkServlet 'dispatcherServlet': initialization started
2017-06-03 14:19:51.142  INFO 16315 --- [http-nio-24098-exec-1] o.s.web.servlet.DispatcherServlet        : FrameworkServlet 'dispatcherServlet': initialization completed in 50 ms
2017-06-03 14:19:51.322  INFO 16315 --- [http-nio-24098-exec-1] o.h.h.i.QueryTranslatorFactoryInitiator  : HHH000397: Using ASTQueryTranslatorFactory
2017-06-03 14:19:53.134  INFO 16315 --- [http-nio-24098-exec-2] i.c.i.l.b.i.LearningProcessEngineImpl    : Starting a Learning path with LP ID: bankloan for User: venkat.s.iyer@gmail.com
2017-06-03 14:36:10.693  INFO 16315 --- [http-nio-24098-exec-1] i.c.i.l.b.i.LearningProcessEngineImpl    : Starting a Learning path with LP ID: learningpath1 for User: venkat.s.iyer@gmail.com
2017-06-03 14:46:14.964  INFO 16315 --- [Thread-5] ationConfigEmbeddedWebApplicationContext : Closing org.springframework.boot.context.embedded.AnnotationConfigEmbeddedWebApplicationContext@5fcfe4b2: startup date [Sat Jun 03 14:19:27 CEST 2017]; root of context hierarchy
2017-06-03 14:46:14.969  INFO 16315 --- [Thread-5] o.s.j.e.a.AnnotationMBeanExporter        : Unregistering JMX-exposed beans on shutdown
2017-06-03 14:46:14.994  INFO 16315 --- [Thread-5] org.camunda.bpm.engine.jobexecutor       : ENGINE-14015 Shutting down the JobExecutor[org.camunda.bpm.engine.spring.components.jobexecutor.SpringJobExecutor]
2017-06-03 14:46:14.996  INFO 16315 --- [JobExecutor[org.camunda.bpm.engine.spring.components.jobexecutor.SpringJobExecutor]] org.camunda.bpm.engine.jobexecutor       : ENGINE-14020 JobExecutor[org.camunda.bpm.engine.spring.components.jobexecutor.SpringJobExecutor] stopped job acquisition
2017-06-03 14:46:15.000  INFO 16315 --- [Thread-5] org.camunda.bpm.engine                   : ENGINE-00007 Process Engine default closed
2017-06-03 14:46:15.005  INFO 16315 --- [Thread-5] o.s.s.concurrent.ThreadPoolTaskExecutor  : Shutting down ExecutorService 'taskExecutor'
2017-06-03 14:46:15.006  INFO 16315 --- [Thread-5] j.LocalContainerEntityManagerFactoryBean : Closing JPA EntityManagerFactory for persistence unit 'default'
2017-06-03 14:46:15.006  INFO 16315 --- [Thread-5] org.hibernate.tool.hbm2ddl.SchemaExport  : HHH000227: Running hbm2ddl schema export
2017-06-03 14:46:15.019  INFO 16315 --- [Thread-5] org.hibernate.tool.hbm2ddl.SchemaExport  : HHH000230: Schema export complete
